04-12-2022 @ 08:39:24 - 3.1.0 - No subscription webhooks found using API version 3. No updates needed.
04-12-2022 @ 08:39:24 - 3.1.0 - No subscription webhooks found using API version 3. No updates needed.
04-12-2022 @ 08:39:24 - 3.1.6 upgrade complete from Subscriptions v0 while WooCommerce WC_VERSION 6.3.1 and database version 6.3.1 was active.
04-12-2022 @ 08:39:24 - Environment info:
04-12-2022 @ 08:39:24 -     WordPress Version : 5.9.3
04-12-2022 @ 08:39:24 - 3.1.6 upgrade complete from Subscriptions v0 while WooCommerce WC_VERSION 6.3.1 and database version 6.3.1 was active.
04-12-2022 @ 08:39:24 - Active Plugins:
04-12-2022 @ 08:39:24 -     MailPoet 3 (New) by MailPoet – 3.85.1
04-12-2022 @ 08:39:24 - Environment info:
04-12-2022 @ 08:39:24 -     WooCommerce Payments by Automattic – 3.9.2
04-12-2022 @ 08:39:24 -     WordPress Version : 5.9.3
04-12-2022 @ 08:39:24 -     WooCommerce by Automattic – 6.3.1
04-12-2022 @ 08:39:24 - Active Plugins:
04-12-2022 @ 08:39:24 -     MailPoet 3 (New) by MailPoet – 3.85.1
04-12-2022 @ 08:39:24 -     WooCommerce Payments by Automattic – 3.9.2
04-12-2022 @ 08:39:24 -     WooCommerce by Automattic – 6.3.1
04-12-2022 @ 08:39:24 - 3.1.0 - No subscription webhooks found using API version 3. No updates needed.
04-12-2022 @ 08:39:24 - 3.1.0 - No subscription webhooks found using API version 3. No updates needed.
04-12-2022 @ 08:39:25 - 3.1.0 - No subscription webhooks found using API version 3. No updates needed.
04-12-2022 @ 08:39:25 - 3.1.0 - No subscription webhooks found using API version 3. No updates needed.
04-12-2022 @ 08:39:25 - 3.1.6 upgrade complete from Subscriptions v0 while WooCommerce WC_VERSION 6.3.1 and database version 6.3.1 was active.
04-12-2022 @ 08:39:25 - Environment info:
04-12-2022 @ 08:39:25 -     WordPress Version : 5.9.3
04-12-2022 @ 08:39:25 - Active Plugins:
04-12-2022 @ 08:39:25 -     MailPoet 3 (New) by MailPoet – 3.85.1
04-12-2022 @ 08:39:25 -     WooCommerce Payments by Automattic – 3.9.2
04-12-2022 @ 08:39:25 -     WooCommerce by Automattic – 6.3.1
04-12-2022 @ 08:39:25 - 3.1.0 - No subscription webhooks found using API version 3. No updates needed.
04-12-2022 @ 08:39:25 - 3.1.0 - No subscription webhooks found using API version 3. No updates needed.
04-12-2022 @ 08:39:25 - 3.1.6 upgrade complete from Subscriptions v0 while WooCommerce WC_VERSION 6.3.1 and database version 6.3.1 was active.
04-12-2022 @ 08:39:25 - Environment info:
04-12-2022 @ 08:39:25 -     WordPress Version : 5.9.3
04-12-2022 @ 08:39:25 - Active Plugins:
04-12-2022 @ 08:39:25 -     MailPoet 3 (New) by MailPoet – 3.85.1
04-12-2022 @ 08:39:25 -     WooCommerce Payments by Automattic – 3.9.2
04-12-2022 @ 08:39:25 -     WooCommerce by Automattic – 6.3.1
04-12-2022 @ 08:39:25 - 3.1.6 upgrade complete from Subscriptions v0 while WooCommerce WC_VERSION 6.3.1 and database version 6.3.1 was active.
04-12-2022 @ 08:39:25 - Environment info:
04-12-2022 @ 08:39:25 -     WordPress Version : 5.9.3
04-12-2022 @ 08:39:25 - Active Plugins:
04-12-2022 @ 08:39:25 -     MailPoet 3 (New) by MailPoet – 3.85.1
04-12-2022 @ 08:39:25 -     WooCommerce Payments by Automattic – 3.9.2
04-12-2022 @ 08:39:25 -     WooCommerce by Automattic – 6.3.1
04-12-2022 @ 08:39:25 - 3.1.0 - No subscription webhooks found using API version 3. No updates needed.
04-12-2022 @ 08:39:25 - 3.1.0 - No subscription webhooks found using API version 3. No updates needed.
04-12-2022 @ 08:39:25 - 3.1.6 upgrade complete from Subscriptions v0 while WooCommerce WC_VERSION 6.3.1 and database version 6.3.1 was active.
04-12-2022 @ 08:39:25 - Environment info:
04-12-2022 @ 08:39:25 -     WordPress Version : 5.9.3
04-12-2022 @ 08:39:25 - Active Plugins:
04-12-2022 @ 08:39:25 -     MailPoet 3 (New) by MailPoet – 3.85.1
04-12-2022 @ 08:39:25 -     WooCommerce Payments by Automattic – 3.9.2
04-12-2022 @ 08:39:25 -     WooCommerce by Automattic – 6.3.1
04-12-2022 @ 08:39:25 - 3.1.6 upgrade complete from Subscriptions v0 while WooCommerce WC_VERSION 6.3.1 and database version 6.3.1 was active.
04-12-2022 @ 08:39:25 - Environment info:
04-12-2022 @ 08:39:25 -     WordPress Version : 5.9.3
04-12-2022 @ 08:39:25 - Active Plugins:
04-12-2022 @ 08:39:25 -     MailPoet 3 (New) by MailPoet – 3.85.1
04-12-2022 @ 08:39:25 -     WooCommerce Payments by Automattic – 3.9.2
04-12-2022 @ 08:39:25 -     WooCommerce by Automattic – 6.3.1
04-12-2022 @ 08:39:25 - 3.1.6 upgrade complete from Subscriptions v0 while WooCommerce WC_VERSION 6.3.1 and database version 6.3.1 was active.
04-12-2022 @ 08:39:25 - Environment info:
04-12-2022 @ 08:39:25 -     WordPress Version : 5.9.3
04-12-2022 @ 08:39:25 - Active Plugins:
04-12-2022 @ 08:39:25 -     MailPoet 3 (New) by MailPoet – 3.85.1
04-12-2022 @ 08:39:25 -     WooCommerce Payments by Automattic – 3.9.2
04-12-2022 @ 08:39:25 -     WooCommerce by Automattic – 6.3.1
04-12-2022 @ 08:39:25 - 3.1.6 upgrade complete from Subscriptions v0 while WooCommerce WC_VERSION 6.3.1 and database version 6.3.1 was active.
04-12-2022 @ 08:39:25 - Environment info:
04-12-2022 @ 08:39:25 -     WordPress Version : 5.9.3
04-12-2022 @ 08:39:25 - Active Plugins:
04-12-2022 @ 08:39:25 -     MailPoet 3 (New) by MailPoet – 3.85.1
04-12-2022 @ 08:39:25 -     WooCommerce Payments by Automattic – 3.9.2
04-12-2022 @ 08:39:25 -     WooCommerce by Automattic – 6.3.1
04-12-2022 @ 08:39:25 - 3.1.6 upgrade complete from Subscriptions v0 while WooCommerce WC_VERSION 6.3.1 and database version 6.3.1 was active.
04-12-2022 @ 08:39:25 - Environment info:
04-12-2022 @ 08:39:25 -     WordPress Version : 5.9.3
04-12-2022 @ 08:39:25 - Active Plugins:
04-12-2022 @ 08:39:25 -     MailPoet 3 (New) by MailPoet – 3.85.1
04-12-2022 @ 08:39:25 -     WooCommerce Payments by Automattic – 3.9.2
04-12-2022 @ 08:39:25 -     WooCommerce by Automattic – 6.3.1
